<?xml version="1.0" encoding="UTF-8"?>
<!-- Generated by org.testng.reporters.JUnitReportReporter -->
<testsuite skipped="0" hostname="Talha" name="Test_GET" tests="2" failures="0" timestamp="2020-12-18T21:42:21 PKT" time="4.868" errors="0">
  <testcase name="test_02" time="1.973" classname="Test_GET"/>
  <system-out/>
  <testcase name="test_01" time="2.895" classname="Test_GET"/>
  <system-out/>
</testsuite> <!-- Test_GET -->
